/sw/tools/python/anaconda3/2020.11/skl/lib/python3.8/site-packages/requests/__init__.py:89: RequestsDependencyWarning: urllib3 (2.2.3) or chardet (3.0.4) doesn't match a supported version!
  warnings.warn("urllib3 ({}) or chardet ({}) doesn't match a supported "
/sw/rev/25.04/rome_mofed_cuda80_rocky8/linux-rocky8-zen/gcc-8.5.0/miniforge3-24.3.0-0-nv72gojvk7qfbp3spt3uiwkioapjsnas/lib/python3.10/runpy.py:126: RuntimeWarning: 'torch.utils.collect_env' found in sys.modules after import of package 'torch.utils', but prior to execution of 'torch.utils.collect_env'; this may result in unpredictable behaviour
  warn(RuntimeWarning(msg))
Trainer already configured with model summary callbacks: [<class 'lightning.pytorch.callbacks.model_summary.ModelSummary'>]. Skipping setting a default `ModelSummary` callback.
GPU available: True (cuda), used: True
TPU available: False, using: 0 TPU cores
wandb: Currently logged in as: chakrabarty-goirik (sinzlab) to https://api.wandb.ai. Use `wandb login --relogin` to force relogin
wandb: setting up run 00ycbk1z
wandb: Tracking run with wandb version 0.23.0
wandb: Run data is saved locally in ./logs/wandb/run-20251113_133228-00ycbk1z
wandb: Run `wandb offline` to turn off syncing.
wandb: Syncing run poyo_mp
wandb: ⭐️ View project at https://wandb.ai/sinzlab/poyo
wandb: 🚀 View run at https://wandb.ai/sinzlab/poyo/runs/00ycbk1z
LOCAL_RANK: 0 - CUDA_VISIBLE_DEVICES: [0]
Loading `train_dataloader` to estimate number of stepping batches.

   | Name                 | Type                   | Params | Mode 
-------------------------------------------------------------------------
0  | model                | POYO                   | 13.0 M | train
1  | model.unit_emb       | InfiniteVocabEmbedding | 1.2 M  | train
2  | model.session_emb    | InfiniteVocabEmbedding | 12.8 K | train
3  | model.token_type_emb | Embedding              | 512    | train
4  | model.latent_emb     | Embedding              | 4.1 K  | train
5  | model.rotary_emb     | RotaryTimeEmbedding    | 0      | train
6  | model.dropout        | Dropout                | 0      | train
7  | model.enc_atn        | RotaryCrossAttention   | 131 K  | train
8  | model.enc_ffn        | Sequential             | 198 K  | train
9  | model.proc_layers    | ModuleList             | 11.1 M | train
10 | model.dec_atn        | RotaryCrossAttention   | 131 K  | train
11 | model.dec_ffn        | Sequential             | 198 K  | train
12 | model.readout        | Linear                 | 258    | train
-------------------------------------------------------------------------
13.0 M    Trainable params
0         Non-trainable params
13.0 M    Total params
51.900    Total estimated model params size (MB)
349       Modules in train mode
0         Modules in eval mode
SLURM auto-requeueing enabled. Setting signal handlers.
